2022-07-13 01:54:56
Generating Tags for: 6622	How to Disable File Editing in WordPress Admin Area
2022-07-13 01:54:56
Generating Tags for: 6462	Deploying Malcure Advanced Edition With Cron, WP-CLI for Automatic Periodic Scans
2022-07-13 01:54:56
Generating Tags for: 6280	Critical RCE Vulnerability in Elementor WordPress Plugin: Update to Elementor 3.6.4 now!!
2022-07-13 01:54:56
Generating Tags for: 5434	WordPress Support and Maintenance Packages — Malcure SiteCare
2022-07-13 01:54:56
Generating Tags for: 6002	Submit Details for Malcure SiteCare [WordPress Maintenance & Upkeep Services]
2022-07-13 01:54:59
Generating Tags for: 5990	A critical security vulnerability in Essential Addons for Elementor Patched. Is your site still vulnerable?
2022-07-13 01:54:59
Generating Tags for: 5932	Secure WordPress Hosting — Ultra-Performance, Fully Managed, WordPress Cloud Hosting
2022-07-13 01:54:59
Generating Tags for: 5966	Submit Details for Malcure Secure WordPress Hosting
2022-07-13 01:55:02
Generating Tags for: 5728	What is the WordPress Pharma Hack & How to fix it
2022-07-13 01:55:02
Generating Tags for: 5699	Fixing WordPress Admin Blank / White Page in Easy Steps
2022-07-13 01:55:03
Generating Tags for: 5677	Malcure Forums
2022-07-13 01:55:03
Generating Tags for: 5640	Step-by-Step guide to efficiently reinstalling infected WordPress Plugins using WP CLI
2022-07-13 01:55:03
Generating Tags for: 5631	WordPress Debugging Tools: WP_DEBUG, WP_DEBUG_LOG, WP_DEBUG_DISPLAY
2022-07-13 01:55:03
Generating Tags for: 5525	A Critical Privilege-Escalation Vulnerability in All in One SEO plugin — Millions of WordPress Websites Affected
2022-07-13 01:55:03
Generating Tags for: 5298	YourService-Live & AdsNet-Work &mdash; Website Redirect-Causing JavaScript
2022-07-13 01:55:05
Generating Tags for: 5265	[Video] &mdash; Live WordPress Malware Infection Removal & Analysis
2022-07-13 01:55:06
Generating Tags for: 5192	Avada WordPress Theme < 7.4.2 — Reflected Cross-Site Scripting
2022-07-13 01:55:06
Generating Tags for: 4807	Malware Analysis: JavaScript Redirect Injection through "WooCommerce Dynamic Pricing and Discounts" plugin
2022-07-13 01:55:06
Generating Tags for: 4252	Write for Us
2022-07-13 01:55:06
Generating Tags for: 4137	Critical Vulnerability detected in WooCommerce, 13 July 2021
2022-07-13 01:55:08
Generating Tags for: 4081	Installing WordPress on a Digital Ocean Droplet — From Scratch to Finish
2022-07-13 01:55:09
Generating Tags for: 4025	Your Definitive Guide To McAfee SiteAdvisor Blacklist Warning Removal
2022-07-13 01:55:09
Generating Tags for: 3855	How to Clean-Up Vuln.php Recurring Malware Infection — Vuln!! patch it Now!
2022-07-13 01:55:10
Generating Tags for: 3795	Fixing WordPress Spam Injection — Hybrid File + Database Malware Infection
2022-07-13 01:55:10
Generating Tags for: 3175	Elon Musk, Apple, Bill Gates and Other High Profile Twitter Accounts Hacked in Cryptocurrency Scam
2022-07-13 01:55:12
Generating Tags for: 3041	Cyber Cells Intercept Hackers Attempting to Access COVID-19 Patient Data
2022-07-13 01:55:13
Generating Tags for: 3980	Submit Details for WordPress Security Audit Service
2022-07-13 01:55:16
Generating Tags for: 3985	Submit Details for WordPress Security Hardening Service
2022-07-13 01:55:18
Generating Tags for: 3988	Submit Details for Malcure WAF360
2022-07-13 01:55:19
Generating Tags for: 2989	Submit Details for Drupal Malware Removal Service
2022-07-13 01:55:20
Generating Tags for: 2950	Elementor Pro and Ultimate Addons for Elementor – Critical vulnerabilities, 1 Million sites at risk. Is your site safe?
2022-07-13 01:55:20
Generating Tags for: 2938	GoDaddy Data Breach ― 28,000 GoDaddy Hosting Accounts Compromised. Is your website hacked?
2022-07-13 01:55:20
Generating Tags for: 2072	Download WP CLI for Temporary Use & Also Run Against Custom PHP Version
2022-07-13 01:55:21
Generating Tags for: 2719	Step-by-Step guide to efficiently reinstalling infected WordPress Core using WP CLI
2022-07-13 01:55:23
Generating Tags for: 2668	How to clean-up a website blocked by the web-host?
2022-07-13 01:55:24
Generating Tags for: 2459	4 Security Checkpoints for your WordPress Website
2022-07-13 01:55:24
Generating Tags for: 2282	Comprehensive WordPress Site Security Audit
2022-07-13 01:55:24
Generating Tags for: 2314	Selecting the Right Malware Cleanup Service
2022-07-13 01:55:24
Generating Tags for: 2180	How to use Regex with WP CLI to Search & Replace WordPress Database
2022-07-13 01:55:26
Generating Tags for: 2162	WordPress 5.2.4 Security Release
2022-07-13 01:55:26
Generating Tags for: 2091	Removing Malware from Large Database Dumps
2022-07-13 01:55:27
Generating Tags for: 2074	Online Website Malware Scanner
2022-07-13 01:55:27
Generating Tags for: 1936	My Account
2022-07-13 01:55:28
Generating Tags for: 1934	Login
2022-07-13 01:55:30
Generating Tags for: 1707	Malcure WordPress Malware Removal Plugin Cheatsheet
2022-07-13 01:55:30
Generating Tags for: 1720	Terms & Conditions
2022-07-13 01:55:32
Generating Tags for: 1622	WordPress Security Hardening
2022-07-13 01:55:32
Generating Tags for: 1614	WordPress 5.2.3 Security Release
2022-07-13 01:55:33
Generating Tags for: 1540	The Easiest Guide to WordPress Malware Removal
2022-07-13 01:55:33
Generating Tags for: 1447	Malcure Web Application Firewall WAF360
2022-07-13 01:55:33
Generating Tags for: 1215	Error 404!
2022-07-13 01:55:35
Generating Tags for: 1162	Submit Details
2022-07-13 01:55:37
Generating Tags for: 168	Secure Checkout&nbsp;&rarr;
2022-07-13 01:55:38
Generating Tags for: 169	Purchase Confirmation
2022-07-13 01:55:38
Generating Tags for: 170	Transaction Failed
2022-07-13 01:55:40
Generating Tags for: 171	Purchase History
2022-07-13 01:55:41
Generating Tags for: 157	Plugin Support
2022-07-13 01:55:41
Generating Tags for: 119	About Malcure
2022-07-13 01:55:41
Generating Tags for: 116	Malcure Advanced Edition — #1 WordPress Malware Removal Plugin
2022-07-13 01:55:41
Generating Tags for: 107	WordPress Malware Removal Service
2022-07-13 01:55:41
Generating Tags for: 2977	Drupal Malware Removal Service
2022-07-13 01:55:41
Generating Tags for: 69	Why Do WordPress Websites Get Hacked?
2022-07-13 01:55:41
Generating Tags for: 66	Demystifying the WP Live Chat Support WordPress Redirect Hack
2022-07-13 01:55:41
Generating Tags for: 63	User Question: What are your preferred methods of restoring a hacked WordPress site?
2022-07-13 01:55:41
Generating Tags for: 60	Removing JavaScript Redirect Malware from WordPress — A Step-by-Step Guide
2022-07-13 01:55:41
Generating Tags for: 57	How to Detect & Remove Cryptojacking Malware — CoinHive Bitcoin-Miner in WordPress
2022-07-13 01:55:41
Generating Tags for: 54	8 Types of Malware Attacks and What They Do
2022-07-13 01:55:42
Generating Tags for: 51	9 Tell Tale Signs That Your WordPress Website Is Hacked
2022-07-13 01:55:44
Generating Tags for: 48	11 Steps To Secure Your WordPress Website
2022-07-13 01:55:45
Generating Tags for: 43	8 Top Security Plugins To Safeguard Your WordPress Installation
2022-07-13 01:55:46
Generating Tags for: 41	Root Cause Analysis — Data Theft, Mailchimp Malware—Fake Invoice Delivers Ursnif Gozi Banking Trojan
2022-07-13 01:55:46
Generating Tags for: 9	News
2022-07-13 01:55:46
Generating Tags for: 1	How to Remove Malware From WordPress
2022-07-13 01:55:46
Generating Tags for: 2	Malcure Web Security
2022-07-13 01:55:46
Generating Tags for: 3	Privacy Policy
2022-07-13 02:46:50
Generating Tags for: 6622	How to Disable File Editing in WordPress Admin Area
2022-07-13 02:46:50
Generating Tags for: 6462	Deploying Malcure Advanced Edition With Cron, WP-CLI for Automatic Periodic Scans
2022-07-13 02:46:50
Generating Tags for: 6280	Critical RCE Vulnerability in Elementor WordPress Plugin: Update to Elementor 3.6.4 now!!
2022-07-13 02:46:50
Generating Tags for: 5434	WordPress Support and Maintenance Packages — Malcure SiteCare
2022-07-13 02:46:50
Generating Tags for: 6002	Submit Details for Malcure SiteCare [WordPress Maintenance & Upkeep Services]
2022-07-13 02:46:50
Generating Tags for: 5990	A critical security vulnerability in Essential Addons for Elementor Patched. Is your site still vulnerable?
2022-07-13 02:46:50
Generating Tags for: 5932	Secure WordPress Hosting — Ultra-Performance, Fully Managed, WordPress Cloud Hosting
2022-07-13 02:46:50
Generating Tags for: 5966	Submit Details for Malcure Secure WordPress Hosting
2022-07-13 02:46:50
Generating Tags for: 5728	What is the WordPress Pharma Hack & How to fix it
2022-07-13 02:46:50
Generating Tags for: 5699	Fixing WordPress Admin Blank / White Page in Easy Steps
2022-07-13 02:46:50
Generating Tags for: 5677	Malcure Forums
2022-07-13 02:46:50
Generating Tags for: 5640	Step-by-Step guide to efficiently reinstalling infected WordPress Plugins using WP CLI
2022-07-13 02:46:50
Generating Tags for: 5631	WordPress Debugging Tools: WP_DEBUG, WP_DEBUG_LOG, WP_DEBUG_DISPLAY
2022-07-13 02:46:50
Generating Tags for: 5525	A Critical Privilege-Escalation Vulnerability in All in One SEO plugin — Millions of WordPress Websites Affected
2022-07-13 02:46:50
Generating Tags for: 5298	YourService-Live & AdsNet-Work &mdash; Website Redirect-Causing JavaScript
2022-07-13 02:46:50
Generating Tags for: 5265	[Video] &mdash; Live WordPress Malware Infection Removal & Analysis
2022-07-13 02:46:50
Generating Tags for: 5192	Avada WordPress Theme < 7.4.2 — Reflected Cross-Site Scripting
2022-07-13 02:46:50
Generating Tags for: 4807	Malware Analysis: JavaScript Redirect Injection through "WooCommerce Dynamic Pricing and Discounts" plugin
2022-07-13 02:46:50
Generating Tags for: 4252	Write for Us
2022-07-13 02:46:50
Generating Tags for: 4137	Critical Vulnerability detected in WooCommerce, 13 July 2021
2022-07-13 02:46:50
Generating Tags for: 4081	Installing WordPress on a Digital Ocean Droplet — From Scratch to Finish
2022-07-13 02:46:50
Generating Tags for: 4025	Your Definitive Guide To McAfee SiteAdvisor Blacklist Warning Removal
2022-07-13 02:46:50
Generating Tags for: 3855	How to Clean-Up Vuln.php Recurring Malware Infection — Vuln!! patch it Now!
2022-07-13 02:46:50
Generating Tags for: 3795	Fixing WordPress Spam Injection — Hybrid File + Database Malware Infection
2022-07-13 02:46:50
Generating Tags for: 3175	Elon Musk, Apple, Bill Gates and Other High Profile Twitter Accounts Hacked in Cryptocurrency Scam
2022-07-13 02:46:50
Generating Tags for: 3041	Cyber Cells Intercept Hackers Attempting to Access COVID-19 Patient Data
2022-07-13 02:46:50
Generating Tags for: 3980	Submit Details for WordPress Security Audit Service
2022-07-13 02:46:50
Generating Tags for: 3985	Submit Details for WordPress Security Hardening Service
2022-07-13 02:46:50
Generating Tags for: 3988	Submit Details for Malcure WAF360
2022-07-13 02:46:50
Generating Tags for: 2989	Submit Details for Drupal Malware Removal Service
2022-07-13 02:46:50
Generating Tags for: 2950	Elementor Pro and Ultimate Addons for Elementor – Critical vulnerabilities, 1 Million sites at risk. Is your site safe?
2022-07-13 02:46:50
Generating Tags for: 2938	GoDaddy Data Breach ― 28,000 GoDaddy Hosting Accounts Compromised. Is your website hacked?
2022-07-13 02:46:50
Generating Tags for: 2072	Download WP CLI for Temporary Use & Also Run Against Custom PHP Version
2022-07-13 02:46:50
Generating Tags for: 2719	Step-by-Step guide to efficiently reinstalling infected WordPress Core using WP CLI
2022-07-13 02:46:50
Generating Tags for: 2668	How to clean-up a website blocked by the web-host?
2022-07-13 02:46:50
Generating Tags for: 2459	4 Security Checkpoints for your WordPress Website
2022-07-13 02:46:50
Generating Tags for: 2282	Comprehensive WordPress Site Security Audit
2022-07-13 02:46:50
Generating Tags for: 2314	Selecting the Right Malware Cleanup Service
2022-07-13 02:46:50
Generating Tags for: 2180	How to use Regex with WP CLI to Search & Replace WordPress Database
2022-07-13 02:46:50
Generating Tags for: 2162	WordPress 5.2.4 Security Release
2022-07-13 02:46:50
Generating Tags for: 2091	Removing Malware from Large Database Dumps
2022-07-13 02:46:50
Generating Tags for: 2074	Online Website Malware Scanner
2022-07-13 02:46:50
Generating Tags for: 1936	My Account
2022-07-13 02:46:50
Generating Tags for: 1934	Login
2022-07-13 02:46:50
Generating Tags for: 1707	Malcure WordPress Malware Removal Plugin Cheatsheet
2022-07-13 02:46:50
Generating Tags for: 1720	Terms & Conditions
2022-07-13 02:46:50
Generating Tags for: 1622	WordPress Security Hardening
2022-07-13 02:46:50
Generating Tags for: 1614	WordPress 5.2.3 Security Release
2022-07-13 02:46:50
Generating Tags for: 1540	The Easiest Guide to WordPress Malware Removal
2022-07-13 02:46:50
Generating Tags for: 1447	Malcure Web Application Firewall WAF360
2022-07-13 02:46:50
Generating Tags for: 1215	Error 404!
2022-07-13 02:46:50
Generating Tags for: 1162	Submit Details
2022-07-13 02:46:50
Generating Tags for: 168	Secure Checkout&nbsp;&rarr;
2022-07-13 02:46:50
Generating Tags for: 169	Purchase Confirmation
2022-07-13 02:46:50
Generating Tags for: 170	Transaction Failed
2022-07-13 02:46:50
Generating Tags for: 171	Purchase History
2022-07-13 02:46:50
Generating Tags for: 157	Plugin Support
2022-07-13 02:46:50
Generating Tags for: 119	About Malcure
2022-07-13 02:46:50
Generating Tags for: 116	Malcure Advanced Edition — #1 WordPress Malware Removal Plugin
2022-07-13 02:46:50
Generating Tags for: 107	WordPress Malware Removal Service
2022-07-13 02:46:50
Generating Tags for: 2977	Drupal Malware Removal Service
2022-07-13 02:46:50
Generating Tags for: 69	Why Do WordPress Websites Get Hacked?
2022-07-13 02:46:50
Generating Tags for: 66	Demystifying the WP Live Chat Support WordPress Redirect Hack
2022-07-13 02:46:50
Generating Tags for: 63	User Question: What are your preferred methods of restoring a hacked WordPress site?
2022-07-13 02:46:50
Generating Tags for: 60	Removing JavaScript Redirect Malware from WordPress — A Step-by-Step Guide
2022-07-13 02:46:50
Generating Tags for: 57	How to Detect & Remove Cryptojacking Malware — CoinHive Bitcoin-Miner in WordPress
2022-07-13 02:46:50
Generating Tags for: 54	8 Types of Malware Attacks and What They Do
2022-07-13 02:46:50
Generating Tags for: 51	9 Tell Tale Signs That Your WordPress Website Is Hacked
2022-07-13 02:46:50
Generating Tags for: 48	11 Steps To Secure Your WordPress Website
2022-07-13 02:46:50
Generating Tags for: 43	8 Top Security Plugins To Safeguard Your WordPress Installation
2022-07-13 02:46:50
Generating Tags for: 41	Root Cause Analysis — Data Theft, Mailchimp Malware—Fake Invoice Delivers Ursnif Gozi Banking Trojan
2022-07-13 02:46:50
Generating Tags for: 9	News
2022-07-13 02:46:50
Generating Tags for: 1	How to Remove Malware From WordPress
2022-07-13 02:46:50
Generating Tags for: 2	Malcure Web Security
2022-07-13 02:46:50
Generating Tags for: 3	Privacy Policy
